[2014-05-02 01:10:03] LoginTest::testCheckIfUserClassExists.INFO: PASSED [] []
[2014-05-02 01:13:23] LoginTest::testLoginWithInvalidUserCredentials.ALERT: Undefined property: LoginTest::$request [] []
[2014-05-02 01:13:23] LoginTest::testLoginWithInvalidUserCredentials.INFO: # ERROR # [] []
[2014-05-02 01:13:23] LoginTest::testLoginWithInvalidUserCredentials.INFO: PASSED [] []
[2014-05-02 01:15:20] LoginTest::testCheckIfUserClassExists.INFO: PASSED [] []
[2014-05-02 01:15:34] LoginTest::testCheckIfUserClassExists.INFO: PASSED [] []
[2014-05-02 01:15:49] LoginTest::testCheckIfUserClassExists.INFO: PASSED [] []
[2014-05-02 01:18:02] LoginTest::testCheckIfUserClassExists.ALERT: Undefined variable: user [] []
[2014-05-02 01:18:02] LoginTest::testCheckIfUserClassExists.INFO: # ERROR # [] []
[2014-05-02 01:18:02] LoginTest::testCheckIfUserClassExists.INFO: PASSED [] []
[2014-05-02 01:18:32] LoginTest::testCheckIfUserClassExists.INFO: PASSED [] []
[2014-05-02 01:18:58] LoginTest::testCheckIfUserClassExists.INFO: PASSED [] []
[2014-05-02 01:18:58] LoginTest::testCheckIfUserClassExists.ALERT: Constant EXT already defined [] []
[2014-05-02 01:18:58] LoginTest::testCheckIfUserClassExists.INFO: # ERROR # [] []
[2014-05-02 01:18:58] LoginTest::testCheckIfUserClassExists.INFO: PASSED [] []
[2014-05-02 01:23:57] LoginTest::testCheckIfUserClassExists.INFO: PASSED [] []
[2014-05-02 01:23:57] LoginTest::testCheckIfUserClassExists.ALERT: Constant EXT already defined [] []
[2014-05-02 01:23:57] LoginTest::testCheckIfUserClassExists.INFO: # ERROR # [] []
[2014-05-02 01:23:57] LoginTest::testCheckIfUserClassExists.INFO: PASSED [] []
[2014-05-02 01:27:30] LoginTest::testCheckIfUserClassExists.INFO: PASSED [] []
[2014-05-02 01:27:35] LoginTest::testCheckIfUserClassExists.INFO: PASSED [] []
[2014-05-02 01:27:35] LoginTest::testCheckIfUserClassExists.ALERT: Constant EXT already defined [] []
[2014-05-02 01:27:35] LoginTest::testCheckIfUserClassExists.INFO: # ERROR # [] []
[2014-05-02 01:27:35] LoginTest::testCheckIfUserClassExists.INFO: PASSED [] []
[2014-05-02 01:42:47] LoginTest::testLoginWithInvalidUserCredentials.INFO: PASSED [] []
[2014-05-02 01:43:12] LoginTest::testLoginWithInvalidUserCredentials.INFO: PASSED [] []
[2014-05-02 01:44:25] LoginTest::testLoginWithInvalidUserCredentials.INFO: PASSED [] []
[2014-05-02 01:44:35] LoginTest::testLoginWithInvalidUserCredentials.ALERT: Failed asserting that true is false. [] []
[2014-05-02 01:44:35] LoginTest::testLoginWithInvalidUserCredentials.INFO: # FAILED # [] []
[2014-05-02 01:44:35] LoginTest::testLoginWithInvalidUserCredentials.INFO: PASSED [] []
[2014-05-02 01:44:49] LoginTest::testLoginWithInvalidUserCredentials.INFO: PASSED [] []
[2014-05-02 01:49:20] LoginTest::testLoginWithInvalidUserCredentials.ALERT: Argument 1 passed to Kohana_Controller::__construct() must be an instance of Request, none given, called in /opt/lampp/htdocs/kohana_example/tests/unit/LoginTest.php on line 14 and defined [] []
[2014-05-02 01:49:20] LoginTest::testLoginWithInvalidUserCredentials.INFO: # ERROR # [] []
[2014-05-02 01:49:20] LoginTest::testLoginWithInvalidUserCredentials.INFO: PASSED [] []
[2014-05-02 01:54:37] LoginTest::testLoginWithInvalidUserCredentials.ALERT: Argument 1 passed to Kohana_Controller::__construct() must be an instance of Request, none given, called in /opt/lampp/htdocs/kohana_example/tests/unit/LoginTest.php on line 14 and defined [] []
[2014-05-02 01:54:37] LoginTest::testLoginWithInvalidUserCredentials.INFO: # ERROR # [] []
[2014-05-02 01:54:37] LoginTest::testLoginWithInvalidUserCredentials.INFO: PASSED [] []
[2014-05-02 01:55:33] LoginTest::testLoginWithInvalidUserCredentials.INFO: PASSED [] []
[2014-05-02 02:37:12] LoginTest::testLoginWithInvalidUserCredentials.ALERT:  [] []
[2014-05-02 02:37:12] LoginTest::testLoginWithInvalidUserCredentials.INFO: # ERROR # [] []
[2014-05-02 02:37:12] LoginTest::testLoginWithInvalidUserCredentials.INFO: PASSED [] []
[2014-05-02 02:38:50] LoginTest::testLoginWithInvalidUserCredentials.ALERT:  [] []
[2014-05-02 02:38:50] LoginTest::testLoginWithInvalidUserCredentials.INFO: # ERROR # [] []
[2014-05-02 02:38:50] LoginTest::testLoginWithInvalidUserCredentials.INFO: PASSED [] []
[2014-05-02 02:39:16] LoginTest::testLoginWithInvalidUserCredentials.ALERT:  [] []
[2014-05-02 02:39:16] LoginTest::testLoginWithInvalidUserCredentials.INFO: # ERROR # [] []
[2014-05-02 02:39:16] LoginTest::testLoginWithInvalidUserCredentials.INFO: PASSED [] []
[2014-05-02 08:53:43] LoginTest::testCheckIfUserClassExists.ALERT: Argument 1 passed to Kohana_Controller::__construct() must be an instance of Request, none given, called in /var/www/kohana_example/tests/unit/LoginTest.php on line 14 and defined [] []
[2014-05-02 08:53:43] LoginTest::testCheckIfUserClassExists.INFO: # ERROR # [] []
[2014-05-02 08:53:43] LoginTest::testCheckIfUserClassExists.INFO: PASSED [] []
[2014-05-02 08:53:58] LoginTest::testCheckIfUserClassExists.INFO: PASSED [] []
[2014-05-02 08:54:09] LoginTest::testCheckIfUserClassExists.INFO: PASSED [] []
[2014-05-02 08:54:09] LoginTest::testCheckIfUserClassExists.ALERT: Constant EXT already defined [] []
[2014-05-02 08:54:09] LoginTest::testCheckIfUserClassExists.INFO: # ERROR # [] []
[2014-05-02 08:54:09] LoginTest::testCheckIfUserClassExists.INFO: PASSED [] []
[2014-05-02 08:54:19] LoginTest::testCheckIfUserClassExists.INFO: PASSED [] []
[2014-05-02 08:54:19] LoginTest::testCheckIfUserClassExists.ALERT: Constant EXT already defined [] []
[2014-05-02 08:54:19] LoginTest::testCheckIfUserClassExists.INFO: # ERROR # [] []
[2014-05-02 08:54:19] LoginTest::testCheckIfUserClassExists.INFO: PASSED [] []
[2014-05-02 08:54:32] LoginTest::testLoginWithInvalidUserCredentials.INFO: PASSED [] []
[2014-05-02 09:03:26] LoginTest::testLoginWithInvalidUserCredentials.ALERT: Failed asserting that false is true. [] []
[2014-05-02 09:03:26] LoginTest::testLoginWithInvalidUserCredentials.INFO: # FAILED # [] []
[2014-05-02 09:03:26] LoginTest::testLoginWithInvalidUserCredentials.INFO: PASSED [] []
[2014-05-02 09:03:41] LoginTest::testCheckIfUserClassExists.INFO: PASSED [] []
[2014-05-02 09:03:41] LoginTest::testCheckIfUserClassExists.ALERT: Constant EXT already defined [] []
[2014-05-02 09:03:41] LoginTest::testCheckIfUserClassExists.INFO: # ERROR # [] []
[2014-05-02 09:03:41] LoginTest::testCheckIfUserClassExists.INFO: PASSED [] []
[2014-05-02 09:03:54] LoginTest::testCheckIfUserClassExists.INFO: PASSED [] []
[2014-05-02 09:03:54] LoginTest::testCheckIfUserClassExists.ALERT: Constant EXT already defined [] []
[2014-05-02 09:03:54] LoginTest::testCheckIfUserClassExists.INFO: # ERROR # [] []
[2014-05-02 09:03:54] LoginTest::testCheckIfUserClassExists.INFO: PASSED [] []
[2014-05-02 09:06:01] LoginTest::testCheckIfUserClassExists.ALERT: Failed asserting that false is true. [] []
[2014-05-02 09:06:01] LoginTest::testCheckIfUserClassExists.INFO: # FAILED # [] []
[2014-05-02 09:06:01] LoginTest::testCheckIfUserClassExists.INFO: PASSED [] []
[2014-05-02 09:06:01] LoginTest::testCheckIfUserClassExists.ALERT: Constant EXT already defined [] []
[2014-05-02 09:06:01] LoginTest::testCheckIfUserClassExists.INFO: # ERROR # [] []
[2014-05-02 09:06:01] LoginTest::testCheckIfUserClassExists.INFO: PASSED [] []
[2014-05-02 09:06:25] LoginTest::testCheckIfUserClassExists.ALERT: Failed asserting that false is true. [] []
[2014-05-02 09:06:25] LoginTest::testCheckIfUserClassExists.INFO: # FAILED # [] []
[2014-05-02 09:06:25] LoginTest::testCheckIfUserClassExists.INFO: PASSED [] []
[2014-05-02 09:06:25] LoginTest::testCheckIfUserClassExists.ALERT: Constant EXT already defined [] []
[2014-05-02 09:06:25] LoginTest::testCheckIfUserClassExists.INFO: # ERROR # [] []
[2014-05-02 09:06:25] LoginTest::testCheckIfUserClassExists.INFO: PASSED [] []
[2014-05-02 09:06:37] LoginTest::testCheckIfUserClassExists.ALERT: Failed asserting that false is true. [] []
[2014-05-02 09:06:37] LoginTest::testCheckIfUserClassExists.INFO: # FAILED # [] []
[2014-05-02 09:06:37] LoginTest::testCheckIfUserClassExists.INFO: PASSED [] []
[2014-05-02 09:07:02] LoginTest::testCheckIfUserClassExists.INFO: PASSED [] []
[2014-05-02 09:07:16] LoginTest::testCheckIfUserClassExists.INFO: PASSED [] []
[2014-05-02 09:07:16] LoginTest::testCheckIfUserClassExists.ALERT: Constant EXT already defined [] []
[2014-05-02 09:07:16] LoginTest::testCheckIfUserClassExists.INFO: # ERROR # [] []
[2014-05-02 09:07:16] LoginTest::testCheckIfUserClassExists.INFO: PASSED [] []
